[2020-11-27T15:57:58.418] [DEBUG] cheese - login => username:zx,password:18
[2020-11-27T15:57:58.426] [DEBUG] cheese - zx
[2020-11-27T15:57:58.463] [DEBUG] cheese - null
[2020-11-27T15:57:58.464] [DEBUG] cheese - null
[2020-11-27T15:58:56.369] [DEBUG] cheese - login => username:zx,password:18
[2020-11-27T15:58:56.369] [DEBUG] cheese - zx
[2020-11-27T15:58:56.376] [DEBUG] cheese - null
[2020-11-27T15:58:56.376] [DEBUG] cheese - null
[2020-11-27T16:27:22.389] [DEBUG] cheese - login => username:zx,password:18
[2020-11-27T16:27:22.389] [DEBUG] cheese - zx
[2020-11-27T16:27:22.441] [DEBUG] cheese - null
[2020-11-27T16:27:22.442] [DEBUG] cheese - null
[2020-11-27T16:29:03.126] [DEBUG] cheese - login => username:zx,password:18
[2020-11-27T16:29:03.126] [DEBUG] cheese - zx
[2020-11-27T16:29:03.129] [DEBUG] cheese - null
[2020-11-27T16:29:03.129] [DEBUG] cheese - null
[2020-11-27T21:23:19.441] [DEBUG] cheese - login => username:12,password:12
[2020-11-27T21:23:19.444] [DEBUG] cheese - 12
[2020-11-27T21:23:19.466] [DEBUG] cheese - null
[2020-11-27T21:23:19.467] [DEBUG] cheese - null
[2020-11-28T09:01:47.228] [DEBUG] cheese - login => username:12,password:12
[2020-11-28T09:01:47.230] [DEBUG] cheese - 12
[2020-11-28T09:01:47.240] [DEBUG] cheese - null
[2020-11-28T09:01:47.240] [DEBUG] cheese - null
[2020-11-28T14:44:17.588] [DEBUG] cheese - login => username:asd,password:asdasd
[2020-11-28T14:44:17.589] [DEBUG] cheese - asd
[2020-11-28T14:44:17.594] [DEBUG] cheese - null
[2020-11-28T14:44:17.594] [DEBUG] cheese - null
[2020-11-28T14:44:18.963] [DEBUG] cheese - login => username:asd,password:asdasd
[2020-11-28T14:44:18.963] [DEBUG] cheese - asd
[2020-11-28T14:44:18.965] [DEBUG] cheese - null
[2020-11-28T14:44:18.965] [DEBUG] cheese - null
[2020-11-28T14:44:39.160] [DEBUG] cheese - login => username:admin,password:123456
[2020-11-28T14:44:39.160] [DEBUG] cheese - admin
[2020-11-28T14:44:39.165] [DEBUG] cheese - null
[2020-11-28T14:44:39.165] [DEBUG] cheese - null
[2020-11-28T14:47:58.909] [DEBUG] cheese - login => username:admin,password:123456
[2020-11-28T14:47:58.909] [DEBUG] cheese - admin
[2020-11-28T14:47:58.911] [DEBUG] cheese - null
[2020-11-28T14:47:58.911] [DEBUG] cheese - null
[2020-11-28T14:47:59.985] [DEBUG] cheese - login => username:admin,password:123456
[2020-11-28T14:47:59.985] [DEBUG] cheese - admin
[2020-11-28T14:47:59.988] [DEBUG] cheese - null
[2020-11-28T14:47:59.988] [DEBUG] cheese - null
[2020-11-28T14:48:07.888] [DEBUG] cheese - login => username:admin,password:123456
[2020-11-28T14:48:07.889] [DEBUG] cheese - admin
[2020-11-28T14:48:07.891] [DEBUG] cheese - null
[2020-11-28T14:48:07.891] [DEBUG] cheese - null
[2020-11-28T14:48:08.759] [DEBUG] cheese - login => username:admin,password:123456
[2020-11-28T14:48:08.760] [DEBUG] cheese - admin
[2020-11-28T14:48:08.762] [DEBUG] cheese - null
[2020-11-28T14:48:08.764] [DEBUG] cheese - null
[2020-11-28T14:48:09.006] [DEBUG] cheese - login => username:admin,password:123456
[2020-11-28T14:48:09.007] [DEBUG] cheese - admin
[2020-11-28T14:48:09.009] [DEBUG] cheese - null
[2020-11-28T14:48:09.009] [DEBUG] cheese - null
[2020-11-28T15:10:17.328] [DEBUG] cheese - login => username:admin,password:123456
[2020-11-28T15:10:17.328] [DEBUG] cheese - admin
[2020-11-28T15:10:17.334] [DEBUG] cheese - null
[2020-11-28T15:10:17.334] [DEBUG] cheese - null
[2020-11-28T15:10:44.461] [DEBUG] cheese - login => username:admin,password:123456
[2020-11-28T15:10:44.461] [DEBUG] cheese - admin
[2020-11-28T15:10:44.463] [DEBUG] cheese - null
[2020-11-28T15:10:44.463] [DEBUG] cheese - null
[2020-11-28T15:11:28.755] [DEBUG] cheese - login => username:admin,password:123456
[2020-11-28T15:11:28.755] [DEBUG] cheese - admin
[2020-11-28T15:11:28.762] [DEBUG] cheese - null
[2020-11-28T15:11:28.762] [DEBUG] cheese - null
[2020-11-28T15:12:15.412] [DEBUG] cheese - login => username:admin,password:123456
[2020-11-28T15:12:15.412] [DEBUG] cheese - admin
[2020-11-28T15:12:15.419] [DEBUG] cheese - null
[2020-11-28T15:12:15.419] [DEBUG] cheese - null
[2020-11-28T15:13:10.370] [DEBUG] cheese - login => username:admin,password:123456
[2020-11-28T15:13:10.370] [DEBUG] cheese - admin
[2020-11-28T15:13:10.374] [DEBUG] cheese - null
[2020-11-28T15:13:10.375] [DEBUG] cheese - null
[2020-11-28T15:24:51.000] [DEBUG] cheese - login => username:admin,password:123456
[2020-11-28T15:24:51.000] [DEBUG] cheese - admin
[2020-11-28T15:24:51.002] [DEBUG] cheese - null
[2020-11-28T15:24:51.003] [DEBUG] cheese - null
[2020-11-28T15:24:54.416] [DEBUG] cheese - login => username:admin1,password:123456
[2020-11-28T15:24:54.416] [DEBUG] cheese - admin1
[2020-11-28T15:24:54.418] [DEBUG] cheese - null
[2020-11-28T15:24:54.418] [DEBUG] cheese - null
[2020-11-28T16:11:51.652] [DEBUG] cheese - login => username:admin,password:123456
[2020-11-28T16:11:51.653] [DEBUG] cheese - admin
[2020-11-28T16:11:51.655] [DEBUG] cheese - null
[2020-11-28T16:11:51.655] [DEBUG] cheese - null
[2020-11-28T16:16:41.765] [DEBUG] cheese - login => username:admin,password:123456
[2020-11-28T16:16:41.766] [DEBUG] cheese - admin
[2020-11-28T16:16:41.770] [DEBUG] cheese - null
[2020-11-28T16:16:41.770] [DEBUG] cheese - null
[2020-11-28T16:21:29.493] [DEBUG] cheese - login => username:admin,password:123456
[2020-11-28T16:21:29.494] [DEBUG] cheese - admin
[2020-11-28T16:21:29.496] [DEBUG] cheese - null
[2020-11-28T16:21:29.496] [DEBUG] cheese - null
[2020-11-28T16:22:14.345] [DEBUG] cheese - login => username:admin,password:123456
[2020-11-28T16:22:14.345] [DEBUG] cheese - admin
[2020-11-28T16:22:14.347] [DEBUG] cheese - null
[2020-11-28T16:22:14.347] [DEBUG] cheese - null
[2020-11-28T16:33:47.900] [DEBUG] cheese - login => username:admin,password:123456
[2020-11-28T16:33:47.900] [DEBUG] cheese - admin
[2020-11-28T16:33:47.902] [DEBUG] cheese - null
[2020-11-28T16:33:47.902] [DEBUG] cheese - null
[2020-11-28T16:34:10.094] [DEBUG] cheese - login => username:admin,password:123456
[2020-11-28T16:34:10.094] [DEBUG] cheese - admin
[2020-11-28T16:34:10.096] [DEBUG] cheese - null
[2020-11-28T16:34:10.096] [DEBUG] cheese - null
[2020-11-28T16:38:51.070] [DEBUG] cheese - login => username:admin,password:123456
[2020-11-28T16:38:51.070] [DEBUG] cheese - admin
[2020-11-28T16:38:51.073] [DEBUG] cheese - null
[2020-11-28T16:38:51.073] [DEBUG] cheese - null
[2020-11-28T16:38:53.802] [DEBUG] cheese - login => username:admin,password:123456
[2020-11-28T16:38:53.802] [DEBUG] cheese - admin
[2020-11-28T16:38:53.805] [DEBUG] cheese - null
[2020-11-28T16:38:53.806] [DEBUG] cheese - null
[2020-11-28T16:38:55.539] [DEBUG] cheese - login => username:admin,password:123456
[2020-11-28T16:38:55.539] [DEBUG] cheese - admin
[2020-11-28T16:38:55.541] [DEBUG] cheese - null
[2020-11-28T16:38:55.541] [DEBUG] cheese - null
[2020-11-28T16:39:26.014] [DEBUG] cheese - login => username:admin,password:123456
[2020-11-28T16:39:26.014] [DEBUG] cheese - admin
[2020-11-28T16:39:26.018] [DEBUG] cheese - null
[2020-11-28T16:39:26.018] [DEBUG] cheese - null
[2020-11-28T16:49:18.507] [DEBUG] cheese - login => username:admin,password:123456
[2020-11-28T16:49:18.508] [DEBUG] cheese - admin
[2020-11-28T16:49:18.511] [DEBUG] cheese - null
[2020-11-28T16:49:18.511] [DEBUG] cheese - null
[2020-11-28T16:50:24.628] [DEBUG] cheese - login => username:admin,password:123456
[2020-11-28T16:50:24.628] [DEBUG] cheese - admin
[2020-11-28T16:50:24.630] [DEBUG] cheese - null
[2020-11-28T16:50:24.630] [DEBUG] cheese - null
[2020-11-28T16:52:47.462] [DEBUG] cheese - login => username:admin,password:123456
[2020-11-28T16:52:47.462] [DEBUG] cheese - admin
[2020-11-28T16:52:47.464] [DEBUG] cheese - null
[2020-11-28T16:52:47.464] [DEBUG] cheese - null
[2020-11-28T18:07:44.379] [DEBUG] cheese - login => username:admin,password:123456
[2020-11-28T18:07:44.379] [DEBUG] cheese - admin
[2020-11-28T18:07:44.382] [DEBUG] cheese - null
[2020-11-28T18:07:44.382] [DEBUG] cheese - null
[2020-11-28T18:07:48.113] [DEBUG] cheese - login => username:admin,password:123456
[2020-11-28T18:07:48.113] [DEBUG] cheese - admin
[2020-11-28T18:07:48.116] [DEBUG] cheese - null
[2020-11-28T18:07:48.116] [DEBUG] cheese - null
[2020-11-28T20:14:01.067] [DEBUG] cheese - login => username:admin,password:123456
[2020-11-28T20:14:01.067] [DEBUG] cheese - admin
[2020-11-28T20:14:01.070] [DEBUG] cheese - null
[2020-11-28T20:14:01.070] [DEBUG] cheese - null
[2020-11-28T22:34:23.893] [DEBUG] cheese - login => username:admin,password:123456
[2020-11-28T22:34:23.893] [DEBUG] cheese - admin
[2020-11-28T22:34:23.896] [DEBUG] cheese - null
[2020-11-28T22:34:23.896] [DEBUG] cheese - null
[2020-11-29T08:43:52.230] [DEBUG] cheese - login => username:admin,password:123456
[2020-11-29T08:43:52.232] [DEBUG] cheese - admin
[2020-11-29T08:43:52.242] [DEBUG] cheese - null
[2020-11-29T08:43:52.243] [DEBUG] cheese - null
[2020-11-29T09:11:38.340] [DEBUG] cheese - login => username:admin,password:123456
[2020-11-29T09:11:38.341] [DEBUG] cheese - admin
[2020-11-29T09:11:38.345] [DEBUG] cheese - null
[2020-11-29T09:11:38.345] [DEBUG] cheese - null
[2020-11-29T11:09:20.771] [DEBUG] cheese - login => username:admin,password:123456
[2020-11-29T11:09:20.771] [DEBUG] cheese - admin
[2020-11-29T11:09:20.776] [DEBUG] cheese - null
[2020-11-29T11:09:20.776] [DEBUG] cheese - null
[2020-11-29T11:24:49.265] [DEBUG] cheese - login => username:admin,password:123456
[2020-11-29T11:24:49.265] [DEBUG] cheese - admin
[2020-11-29T11:24:49.269] [DEBUG] cheese - null
[2020-11-29T11:24:49.269] [DEBUG] cheese - null
[2020-11-29T15:17:14.078] [DEBUG] cheese - login => username:admin,password:123456
[2020-11-29T15:17:14.078] [DEBUG] cheese - admin
[2020-11-29T15:17:14.081] [DEBUG] cheese - null
[2020-11-29T15:17:14.081] [DEBUG] cheese - null
[2020-11-29T15:26:44.197] [DEBUG] cheese - login => username:admin,password:123456
[2020-11-29T15:26:44.199] [DEBUG] cheese - admin
[2020-11-29T15:26:44.209] [DEBUG] cheese - null
[2020-11-29T15:26:44.209] [DEBUG] cheese - null
[2020-11-29T15:27:13.917] [DEBUG] cheese - login => username:admin,password:123456
[2020-11-29T15:27:13.917] [DEBUG] cheese - admin
[2020-11-29T15:27:13.920] [DEBUG] cheese - null
[2020-11-29T15:27:13.920] [DEBUG] cheese - null
[2020-11-29T16:04:30.741] [DEBUG] cheese - login => username:admin,password:123456
[2020-11-29T16:04:30.741] [DEBUG] cheese - admin
[2020-11-29T16:04:30.744] [DEBUG] cheese - null
[2020-11-29T16:04:30.744] [DEBUG] cheese - null
[2020-11-29T16:32:08.368] [DEBUG] cheese - login => username:admin,password:123456
[2020-11-29T16:32:08.368] [DEBUG] cheese - admin
[2020-11-29T16:32:08.372] [DEBUG] cheese - null
[2020-11-29T16:32:08.372] [DEBUG] cheese - null
[2020-11-29T18:09:25.008] [DEBUG] cheese - login => username:admin,password:123456
[2020-11-29T18:09:25.008] [DEBUG] cheese - admin
[2020-11-29T18:09:25.010] [DEBUG] cheese - null
[2020-11-29T18:09:25.010] [DEBUG] cheese - null
[2020-11-29T18:27:54.683] [DEBUG] cheese - login => username:admin,password:123456
[2020-11-29T18:27:54.683] [DEBUG] cheese - admin
[2020-11-29T18:27:54.686] [DEBUG] cheese - null
[2020-11-29T18:27:54.686] [DEBUG] cheese - null
[2020-11-29T18:30:42.565] [DEBUG] cheese - login => username:admin,password:123456
[2020-11-29T18:30:42.565] [DEBUG] cheese - admin
[2020-11-29T18:30:42.566] [DEBUG] cheese - null
[2020-11-29T18:30:42.567] [DEBUG] cheese - null
[2020-11-30T10:03:24.583] [DEBUG] cheese - login => username:admin,password:123456
[2020-11-30T10:03:24.584] [DEBUG] cheese - admin
[2020-11-30T10:03:24.596] [DEBUG] cheese - null
[2020-11-30T10:03:24.596] [DEBUG] cheese - null
[2020-11-30T10:22:12.433] [DEBUG] cheese - login => username:啊啊,password:1233215
[2020-11-30T10:22:12.433] [DEBUG] cheese - 啊啊
[2020-11-30T10:22:12.435] [DEBUG] cheese - null
[2020-11-30T10:22:12.436] [DEBUG] cheese - null
[2020-11-30T10:22:38.188] [DEBUG] cheese - login => username:111,password:1233215
[2020-11-30T10:22:38.188] [DEBUG] cheese - 111
[2020-11-30T10:22:38.190] [DEBUG] cheese - null
[2020-11-30T10:22:38.191] [DEBUG] cheese - null
[2020-11-30T11:41:30.906] [DEBUG] cheese - login => username:admin,password:123456
[2020-11-30T11:41:30.907] [DEBUG] cheese - admin
[2020-11-30T11:41:30.909] [DEBUG] cheese - null
[2020-11-30T11:41:30.909] [DEBUG] cheese - null
[2020-11-30T15:06:19.479] [DEBUG] cheese - login => username:111,password:1233215
[2020-11-30T15:06:19.479] [DEBUG] cheese - 111
[2020-11-30T15:06:19.481] [DEBUG] cheese - null
[2020-11-30T15:06:19.481] [DEBUG] cheese - null
[2020-11-30T15:27:15.919] [DEBUG] cheese - login => username:111,password:1233215
[2020-11-30T15:27:15.919] [DEBUG] cheese - 111
[2020-11-30T15:27:15.934] [DEBUG] cheese - null
[2020-11-30T15:27:15.934] [DEBUG] cheese - null
[2020-11-30T15:38:03.845] [DEBUG] cheese - login => username:admin,password:123456
[2020-11-30T15:38:03.846] [DEBUG] cheese - admin
[2020-11-30T15:38:03.848] [DEBUG] cheese - null
[2020-11-30T15:38:03.848] [DEBUG] cheese - null
[2020-11-30T16:45:52.913] [DEBUG] cheese - login => username:admin,password:123456
[2020-11-30T16:45:52.913] [DEBUG] cheese - admin
[2020-11-30T16:45:52.915] [DEBUG] cheese - null
[2020-11-30T16:45:52.916] [DEBUG] cheese - null
[2020-11-30T16:46:04.846] [DEBUG] cheese - login => username:admin,password:123456
[2020-11-30T16:46:04.846] [DEBUG] cheese - admin
[2020-11-30T16:46:04.851] [DEBUG] cheese - null
[2020-11-30T16:46:04.851] [DEBUG] cheese - null
[2020-11-30T23:30:53.497] [DEBUG] cheese - login => username:admin,password:123456
[2020-11-30T23:30:53.499] [DEBUG] cheese - admin
[2020-11-30T23:30:53.525] [DEBUG] cheese - null
[2020-11-30T23:30:53.526] [DEBUG] cheese - null
[2020-12-01T08:39:07.044] [DEBUG] cheese - login => username:admin,password:123456
[2020-12-01T08:39:07.044] [DEBUG] cheese - admin
[2020-12-01T08:39:07.047] [DEBUG] cheese - null
[2020-12-01T08:39:07.047] [DEBUG] cheese - null
[2020-12-01T08:41:53.241] [DEBUG] cheese - login => username:111,password:1233215
[2020-12-01T08:41:53.241] [DEBUG] cheese - 111
[2020-12-01T08:41:53.243] [DEBUG] cheese - null
[2020-12-01T08:41:53.244] [DEBUG] cheese - null
[2020-12-01T10:08:46.312] [DEBUG] cheese - login => username:admin,password:123456
[2020-12-01T10:08:46.312] [DEBUG] cheese - admin
[2020-12-01T10:08:46.315] [DEBUG] cheese - null
[2020-12-01T10:08:46.315] [DEBUG] cheese - null
[2020-12-01T11:02:12.013] [DEBUG] cheese - null
[2020-12-01T11:02:19.462] [DEBUG] cheese - null
[2020-12-01T11:03:55.211] [DEBUG] cheese - null
[2020-12-01T11:10:35.678] [DEBUG] cheese - null
[2020-12-01T15:07:49.343] [DEBUG] cheese - login => username:111,password:1233215
[2020-12-01T15:07:49.343] [DEBUG] cheese - 111
[2020-12-01T15:07:49.345] [DEBUG] cheese - null
[2020-12-01T15:07:49.345] [DEBUG] cheese - null
[2020-12-01T16:17:28.644] [DEBUG] cheese - login => username:admin,password:123456
[2020-12-01T16:17:28.645] [DEBUG] cheese - admin
[2020-12-01T16:17:28.646] [DEBUG] cheese - null
[2020-12-01T16:17:28.647] [DEBUG] cheese - null
[2020-12-01T16:17:38.673] [DEBUG] cheese - login => username:admin,password:123456
[2020-12-01T16:17:38.673] [DEBUG] cheese - admin
[2020-12-01T16:17:38.676] [DEBUG] cheese - null
[2020-12-01T16:17:38.676] [DEBUG] cheese - null
[2020-12-01T16:17:47.703] [DEBUG] cheese - login => username:admin,password:123456
[2020-12-01T16:17:47.703] [DEBUG] cheese - admin
[2020-12-01T16:17:47.706] [DEBUG] cheese - null
[2020-12-01T16:17:47.706] [DEBUG] cheese - null
[2020-12-01T19:34:05.061] [DEBUG] cheese - null
[2020-12-01T19:34:06.763] [DEBUG] cheese - null
[2020-12-01T19:35:48.706] [DEBUG] cheese - null
[2020-12-01T19:35:50.125] [DEBUG] cheese - null
[2020-12-01T19:35:52.054] [DEBUG] cheese - null
[2020-12-01T19:35:53.680] [DEBUG] cheese - null
[2020-12-01T19:51:33.804] [DEBUG] cheese - login => username:admin,password:123456
[2020-12-01T19:51:33.804] [DEBUG] cheese - admin
[2020-12-01T19:51:33.806] [DEBUG] cheese - null
[2020-12-01T19:51:33.806] [DEBUG] cheese - null
[2020-12-01T22:26:42.708] [DEBUG] cheese - login => username:admin,password:123456
[2020-12-01T22:26:42.708] [DEBUG] cheese - admin
[2020-12-01T22:26:42.712] [DEBUG] cheese - null
[2020-12-01T22:26:42.712] [DEBUG] cheese - null
[2020-12-02T08:40:25.493] [DEBUG] cheese - login => username:admin,password:123456
[2020-12-02T08:40:25.495] [DEBUG] cheese - admin
[2020-12-02T08:40:25.498] [DEBUG] cheese - null
[2020-12-02T08:40:25.499] [DEBUG] cheese - null
[2020-12-02T10:21:26.718] [DEBUG] cheese - login => username:admin,password:123456
[2020-12-02T10:21:26.720] [DEBUG] cheese - admin
[2020-12-02T10:21:26.727] [DEBUG] cheese - null
[2020-12-02T10:21:26.727] [DEBUG] cheese - null
[2020-12-02T14:05:47.683] [DEBUG] cheese - null
[2020-12-02T14:05:49.250] [DEBUG] cheese - null
[2020-12-02T14:05:51.360] [DEBUG] cheese - null
[2020-12-02T14:05:53.854] [DEBUG] cheese - null
[2020-12-02T14:05:56.733] [DEBUG] cheese - null
[2020-12-02T14:05:58.715] [DEBUG] cheese - null
[2020-12-02T14:06:01.795] [DEBUG] cheese - null
[2020-12-02T14:06:04.278] [DEBUG] cheese - null
[2020-12-02T14:06:06.238] [DEBUG] cheese - null
[2020-12-02T14:06:08.267] [DEBUG] cheese - null
[2020-12-02T14:06:10.200] [DEBUG] cheese - null
[2020-12-02T14:06:11.956] [DEBUG] cheese - null
[2020-12-02T14:06:15.382] [DEBUG] cheese - null
[2020-12-02T14:06:16.844] [DEBUG] cheese - null
[2020-12-02T14:06:20.175] [DEBUG] cheese - null
[2020-12-02T14:06:23.941] [DEBUG] cheese - null
[2020-12-02T14:06:26.051] [DEBUG] cheese - null
[2020-12-02T14:06:28.558] [DEBUG] cheese - null
[2020-12-02T14:06:30.787] [DEBUG] cheese - null
[2020-12-02T14:06:40.131] [DEBUG] cheese - null
[2020-12-02T14:06:48.015] [DEBUG] cheese - null
[2020-12-02T14:30:00.587] [DEBUG] cheese - login => username:admin,password:123456
[2020-12-02T14:30:00.589] [DEBUG] cheese - admin
[2020-12-02T14:30:00.617] [DEBUG] cheese - null
[2020-12-02T14:30:00.618] [DEBUG] cheese - null
[2020-12-02T19:33:41.296] [DEBUG] cheese - login => username:admin,password:123456
[2020-12-02T19:33:41.298] [DEBUG] cheese - admin
[2020-12-02T19:33:41.302] [DEBUG] cheese - null
[2020-12-02T19:33:41.303] [DEBUG] cheese - null
[2020-12-03T08:32:34.649] [DEBUG] cheese - login => username:admin,password:123456
[2020-12-03T08:32:34.651] [DEBUG] cheese - admin
[2020-12-03T08:32:34.663] [DEBUG] cheese - null
[2020-12-03T08:32:34.663] [DEBUG] cheese - null
[2020-12-03T15:08:37.486] [DEBUG] cheese - login => username:admin,password:123456
[2020-12-03T15:08:37.488] [DEBUG] cheese - admin
[2020-12-03T15:08:37.495] [DEBUG] cheese - null
[2020-12-03T15:08:37.495] [DEBUG] cheese - null
[2020-12-03T15:09:43.224] [DEBUG] cheese - login => username:admin,password:123456
[2020-12-03T15:09:43.224] [DEBUG] cheese - admin
[2020-12-03T15:09:43.226] [DEBUG] cheese - null
[2020-12-03T15:09:43.227] [DEBUG] cheese - null
[2020-12-03T15:15:01.722] [DEBUG] cheese - login => username:admin,password:123456
[2020-12-03T15:15:01.722] [DEBUG] cheese - admin
[2020-12-03T15:15:01.724] [DEBUG] cheese - null
[2020-12-03T15:15:01.724] [DEBUG] cheese - null
[2020-12-04T22:12:36.680] [DEBUG] cheese - login => username:admin,password:123456
[2020-12-04T22:12:36.682] [DEBUG] cheese - admin
[2020-12-04T22:12:36.694] [DEBUG] cheese - null
[2020-12-04T22:12:36.694] [DEBUG] cheese - null
[2020-12-05T08:37:19.759] [DEBUG] cheese - login => username:admin,password:123456
[2020-12-05T08:37:19.761] [DEBUG] cheese - admin
[2020-12-05T08:37:19.774] [DEBUG] cheese - null
[2020-12-05T08:37:19.775] [DEBUG] cheese - null
[2020-12-05T15:10:44.939] [DEBUG] cheese - login => username:admin,password:123456
[2020-12-05T15:10:44.940] [DEBUG] cheese - admin
[2020-12-05T15:10:44.947] [DEBUG] cheese - null
[2020-12-05T15:10:44.948] [DEBUG] cheese - null
[2020-12-05T21:27:15.486] [DEBUG] cheese - null
[2020-12-05T22:35:59.766] [DEBUG] cheese - login => username:admin,password:123456
[2020-12-05T22:35:59.768] [DEBUG] cheese - admin
[2020-12-05T22:35:59.780] [DEBUG] cheese - null
[2020-12-05T22:35:59.781] [DEBUG] cheese - null
[2020-12-06T09:43:23.344] [DEBUG] cheese - login => username:admin,password:123456
[2020-12-06T09:43:23.345] [DEBUG] cheese - admin
[2020-12-06T09:43:23.357] [DEBUG] cheese - null
[2020-12-06T09:43:23.358] [DEBUG] cheese - null
[2020-12-06T14:04:27.327] [DEBUG] cheese - login => username:admin,password:123456
[2020-12-06T14:04:27.327] [DEBUG] cheese - admin
[2020-12-06T14:04:27.331] [DEBUG] cheese - null
[2020-12-06T14:04:27.331] [DEBUG] cheese - null
[2020-12-06T14:25:09.175] [DEBUG] cheese - login => username:admin,password:123456
[2020-12-06T14:25:09.176] [DEBUG] cheese - admin
[2020-12-06T14:25:09.206] [DEBUG] cheese - null
[2020-12-06T14:25:09.206] [DEBUG] cheese - null
[2020-12-06T14:26:21.881] [DEBUG] cheese - login => username:admin,password:123456
[2020-12-06T14:26:21.881] [DEBUG] cheese - admin
[2020-12-06T14:26:21.885] [DEBUG] cheese - null
[2020-12-06T14:26:21.885] [DEBUG] cheese - null
[2020-12-06T14:47:55.928] [DEBUG] cheese - login => username:admin,password:123456
[2020-12-06T14:47:55.928] [DEBUG] cheese - admin
[2020-12-06T14:47:55.931] [DEBUG] cheese - null
[2020-12-06T14:47:55.932] [DEBUG] cheese - null
[2020-12-06T15:11:48.915] [DEBUG] cheese - login => username:admin,password:123456
[2020-12-06T15:11:48.917] [DEBUG] cheese - admin
[2020-12-06T15:11:48.920] [DEBUG] cheese - null
[2020-12-06T15:11:48.921] [DEBUG] cheese - null
[2020-12-06T15:43:14.919] [DEBUG] cheese - login => username:admin,password:123456
[2020-12-06T15:43:14.920] [DEBUG] cheese - admin
[2020-12-06T15:43:14.926] [DEBUG] cheese - null
[2020-12-06T15:43:14.927] [DEBUG] cheese - null
[2020-12-06T16:19:27.482] [DEBUG] cheese - login => username:admin,password:123456
[2020-12-06T16:19:27.482] [DEBUG] cheese - admin
[2020-12-06T16:19:27.486] [DEBUG] cheese - null
[2020-12-06T16:19:27.486] [DEBUG] cheese - null
[2020-12-06T18:28:02.320] [DEBUG] cheese - login => username:admin,password:123456
[2020-12-06T18:28:02.322] [DEBUG] cheese - admin
[2020-12-06T18:28:02.326] [DEBUG] cheese - null
[2020-12-06T18:28:02.327] [DEBUG] cheese - null
[2020-12-06T19:29:54.489] [DEBUG] cheese - login => username:admin,password:123456
[2020-12-06T19:29:54.491] [DEBUG] cheese - admin
[2020-12-06T19:29:54.495] [DEBUG] cheese - null
[2020-12-06T19:29:54.496] [DEBUG] cheese - null
[2020-12-06T21:47:56.143] [DEBUG] cheese - login => username:admin,password:123456
[2020-12-06T21:47:56.145] [DEBUG] cheese - admin
[2020-12-06T21:47:56.149] [DEBUG] cheese - null
[2020-12-06T21:47:56.150] [DEBUG] cheese - null
[2020-12-06T21:48:30.052] [DEBUG] cheese - login => username:admin,password:123456
[2020-12-06T21:48:30.052] [DEBUG] cheese - admin
[2020-12-06T21:48:30.055] [DEBUG] cheese - null
[2020-12-06T21:48:30.055] [DEBUG] cheese - null
[2020-12-06T21:48:41.240] [DEBUG] cheese - login => username:admin,password:123456
[2020-12-06T21:48:41.240] [DEBUG] cheese - admin
[2020-12-06T21:48:41.242] [DEBUG] cheese - null
[2020-12-06T21:48:41.242] [DEBUG] cheese - null
[2020-12-06T21:51:06.875] [DEBUG] cheese - login => username:admin,password:123456
[2020-12-06T21:51:06.875] [DEBUG] cheese - admin
[2020-12-06T21:51:06.878] [DEBUG] cheese - null
[2020-12-06T21:51:06.878] [DEBUG] cheese - null
[2020-12-07T10:16:42.574] [DEBUG] cheese - login => username:admin,password:123456
[2020-12-07T10:16:42.576] [DEBUG] cheese - admin
[2020-12-07T10:16:42.588] [DEBUG] cheese - null
[2020-12-07T10:16:42.589] [DEBUG] cheese - null
[2020-12-07T10:47:12.887] [DEBUG] cheese - login => username:admin,password:123456
[2020-12-07T10:47:12.888] [DEBUG] cheese - admin
[2020-12-07T10:47:12.890] [DEBUG] cheese - null
[2020-12-07T10:47:12.890] [DEBUG] cheese - null
